<?xml version="1.0" encoding="UTF-8"?>
<testsuite xmlns:xsi="http://www.w3.org/2001/XMLSchema-instance" xsi:noNamespaceSchemaLocation="https://maven.apache.org/surefire/maven-surefire-plugin/xsd/surefire-test-report.xsd" version="3.0.2" name="cloud.compagno.designpatterns.creazionali.singleton.esempio.DatabaseConnectionEnumTest" time="0.034" tests="3" errors="0" skipped="0" failures="0" flakes="0">
  <properties>
[...]
</properties>
  <testcase name="testEnumSingletonIdentity" classname="cloud.compagno.designpatterns.creazionali.singleton.esempio.DatabaseConnectionEnumTest" time="0.004">
    <system-out><![CDATA[Enum Singleton: Connessione inizializzata!
]]></system-out>
  </testcase>
  <testcase name="testSingletonMultithread" classname="cloud.compagno.designpatterns.creazionali.singleton.esempio.DatabaseConnectionEnumTest" time="0.023"/>
  <testcase name="testEnumBehavior" classname="cloud.compagno.designpatterns.creazionali.singleton.esempio.DatabaseConnectionEnumTest" time="0.004">
    <system-out><![CDATA[Eseguo su jdbc:mysql://localhost:3306/my_db: SELECT * FROM ordini
]]></system-out>
  </testcase>
</testsuite>